Replace Part C? CAP Ceramic in C:\Users\4s\Documents\Altium projects\Comma Open 2024 MainBoard\MainBoard.SchDoc with CAP Ceramic from Asterisk.SchLib
Replace Part C? CAP Ceramic in C:\Users\4s\Documents\Altium projects\Comma Open 2024 MainBoard\MainBoard.SchDoc with CAP Ceramic from Asterisk.SchLib
Replace Part C? CAP Ceramic in C:\Users\4s\Documents\Altium projects\Comma Open 2024 MainBoard\MainBoard.SchDoc with CAP Ceramic from Asterisk.SchLib
Replace Part C? CAP Ceramic in C:\Users\4s\Documents\Altium projects\Comma Open 2024 MainBoard\MainBoard.SchDoc with CAP Ceramic from Asterisk.SchLib
Replace Part C? CAP Ceramic in C:\Users\4s\Documents\Altium projects\Comma Open 2024 MainBoard\MainBoard.SchDoc with CAP Ceramic from Asterisk.SchLib
Replace Part C? CAP Ceramic in C:\Users\4s\Documents\Altium projects\Comma Open 2024 MainBoard\MainBoard.SchDoc with CAP Ceramic from Asterisk.SchLib
Replace Part C? CAP Ceramic in C:\Users\4s\Documents\Altium projects\Comma Open 2024 MainBoard\MainBoard.SchDoc with CAP Ceramic from Asterisk.SchLib
Replace Part C? CAP Ceramic in C:\Users\4s\Documents\Altium projects\Comma Open 2024 MainBoard\MainBoard.SchDoc with CAP Ceramic from Asterisk.SchLib
Replace Part C? CAP Ceramic in C:\Users\4s\Documents\Altium projects\Comma Open 2024 MainBoard\MainBoard.SchDoc with CAP Ceramic from Asterisk.SchLib
Replace Part C? CAP Ceramic in C:\Users\4s\Documents\Altium projects\Comma Open 2024 MainBoard\MainBoard.SchDoc with CAP Ceramic from Asterisk.SchLib
Replace Part C? CAP Ceramic in C:\Users\4s\Documents\Altium projects\Comma Open 2024 MainBoard\MainBoard.SchDoc with CAP Ceramic from Asterisk.SchLib
Replace Part C? CAP Ceramic in C:\Users\4s\Documents\Altium projects\Comma Open 2024 MainBoard\MainBoard.SchDoc with CAP Ceramic from Asterisk.SchLib
Replace Part G? Quartz in C:\Users\4s\Documents\Altium projects\Comma Open 2024 MainBoard\MainBoard.SchDoc with Quartz from Asterisk.SchLib
Replace Part G? Quartz in C:\Users\4s\Documents\Altium projects\Comma Open 2024 MainBoard\MainBoard.SchDoc with Quartz from Asterisk.SchLib
Replace Part R? RES in C:\Users\4s\Documents\Altium projects\Comma Open 2024 MainBoard\MainBoard.SchDoc with RES from Asterisk.SchLib
Replace Part R? RES in C:\Users\4s\Documents\Altium projects\Comma Open 2024 MainBoard\MainBoard.SchDoc with RES from Asterisk.SchLib
Replace Part R? RES in C:\Users\4s\Documents\Altium projects\Comma Open 2024 MainBoard\MainBoard.SchDoc with RES from Asterisk.SchLib
Replace Part R? RES in C:\Users\4s\Documents\Altium projects\Comma Open 2024 MainBoard\MainBoard.SchDoc with RES from Asterisk.SchLib
Replace Part R? RES in C:\Users\4s\Documents\Altium projects\Comma Open 2024 MainBoard\MainBoard.SchDoc with RES from Asterisk.SchLib
Replace Part R? RES in C:\Users\4s\Documents\Altium projects\Comma Open 2024 MainBoard\MainBoard.SchDoc with RES from Asterisk.SchLib
Replace Part R? RES in C:\Users\4s\Documents\Altium projects\Comma Open 2024 MainBoard\MainBoard.SchDoc with RES from Asterisk.SchLib
Replace Part U? STM32F103C6T6 in C:\Users\4s\Documents\Altium projects\Comma Open 2024 MainBoard\MainBoard.SchDoc with STM32F103C6T6 from Asterisk.SchLib
Replace Part U? STM32F103C6T6 in C:\Users\4s\Documents\Altium projects\Comma Open 2024 MainBoard\MainBoard.SchDoc with STM32F103C6T6 from Asterisk.SchLib
Replace Part U? Raspberry Pi CM 4 in C:\Users\4s\Documents\Altium projects\Comma Open 2024 MainBoard\MainBoard.SchDoc with Raspberry Pi CM 4 from Asterisk.SchLib
Replace Part U? Raspberry Pi CM 4 in C:\Users\4s\Documents\Altium projects\Comma Open 2024 MainBoard\MainBoard.SchDoc with Raspberry Pi CM 4 from Asterisk.SchLib
